2025-12-21T12:17:26.545+03:00  INFO 4816 --- [user-service] [main] [                                                 ] com.ecommerce.user.UserApplication       : Starting UserApplication using Java 25.0.1 with PID 4816 (/Users/githukudenis/Development/Java/e-commerce microservices/user/target/classes started by githukudenis in /Users/githukudenis/Development/Java/e-commerce microservices)
2025-12-21T12:17:26.560+03:00 DEBUG 4816 --- [user-service] [main] [                                                 ] com.ecommerce.user.UserApplication       : Running with Spring Boot v4.0.0, Spring v7.0.1
2025-12-21T12:17:26.560+03:00  INFO 4816 --- [user-service] [main] [                                                 ] com.ecommerce.user.UserApplication       : The following 1 profile is active: "default"
2025-12-21T12:17:26.587+03:00  INFO 4816 --- [user-service] [main] [                                                 ] o.s.c.c.c.ConfigServerConfigDataLoader   : Fetching config from server at : http://localhost:8888
2025-12-21T12:17:26.587+03:00  INFO 4816 --- [user-service] [main] [                                                 ] o.s.c.c.c.ConfigServerConfigDataLoader   : Located environment: name=user-service, profiles=[default], label=null, version=e4bdbc967121d831d546f46836790875357945c7, state=
2025-12-21T12:17:27.160+03:00  INFO 4816 --- [user-service] [main] [                                                 ] .s.d.r.c.RepositoryConfigurationDelegate : Bootstrapping Spring Data MongoDB repositories in DEFAULT mode.
2025-12-21T12:17:27.231+03:00  INFO 4816 --- [user-service] [main] [                                                 ] .s.d.r.c.RepositoryConfigurationDelegate : Finished Spring Data repository scanning in 67 ms. Found 2 MongoDB repository interfaces.
2025-12-21T12:17:27.429+03:00  INFO 4816 --- [user-service] [main] [                                                 ] faultConfiguringBeanFactoryPostProcessor : No bean named 'errorChannel' has been explicitly defined. Therefore, a default PublishSubscribeChannel will be created.
2025-12-21T12:17:27.435+03:00  INFO 4816 --- [user-service] [main] [                                                 ] faultConfiguringBeanFactoryPostProcessor : No bean named 'integrationHeaderChannelRegistry' has been explicitly defined. Therefore, a default DefaultHeaderChannelRegistry will be created.
2025-12-21T12:17:27.507+03:00  INFO 4816 --- [user-service] [main] [                                                 ] o.s.cloud.context.scope.GenericScope     : BeanFactory id=8a4efe1a-4d36-36d8-9501-1bb13cea4114
2025-12-21T12:17:27.694+03:00  INFO 4816 --- [user-service] [main] [                                                 ] o.s.boot.tomcat.TomcatWebServer          : Tomcat initialized with port 8082 (http)
2025-12-21T12:17:27.701+03:00  INFO 4816 --- [user-service] [main] [                                                 ] o.apache.catalina.core.StandardService   : Starting service [Tomcat]
2025-12-21T12:17:27.701+03:00  INFO 4816 --- [user-service] [main] [                                                 ] o.apache.catalina.core.StandardEngine    : Starting Servlet engine: [Apache Tomcat/11.0.14]
2025-12-21T12:17:27.731+03:00  INFO 4816 --- [user-service] [main] [                                                 ] b.w.c.s.WebApplicationContextInitializer : Root WebApplicationContext: initialization completed in 1142 ms
2025-12-21T12:17:28.080+03:00  INFO 4816 --- [user-service] [main] [                                                 ] org.mongodb.driver.client                : MongoClient with metadata {"driver": {"name": "mongo-java-driver|spring-boot|sync", "version": "5.6.1"}, "os": {"type": "Darwin", "name": "Mac OS X", "architecture": "aarch64", "version": "15.7.3"}, "platform": "Java/Eclipse Adoptium/25.0.1+8-LTS"} created with settings MongoClientSettings{readPreference=primary, writeConcern=WriteConcern{w=null, wTimeout=null ms, journal=null}, retryWrites=true, retryReads=true, readConcern=ReadConcern{level=null}, credential=null, transportSettings=null, commandListeners=[io.micrometer.core.instrument.binder.mongodb.MongoMetricsCommandListener@28200d43], codecRegistry=ProvidersCodecRegistry{codecProviders=[ValueCodecProvider{}, BsonValueCodecProvider{}, DBRefCodecProvider{}, DBObjectCodecProvider{}, DocumentCodecProvider{}, CollectionCodecProvider{}, IterableCodecProvider{}, MapCodecProvider{}, GeoJsonCodecProvider{}, GridFSFileCodecProvider{}, Jsr310CodecProvider{}, JsonObjectCodecProvider{}, BsonCodecProvider{}, com.mongodb.client.model.mql.ExpressionCodecProvider@7e24a2e2, com.mongodb.Jep395RecordCodecProvider@38318d67, com.mongodb.KotlinCodecProvider@3af6c672, EnumCodecProvider{}]}, loggerSettings=LoggerSettings{maxDocumentLength=1000}, clusterSettings={hosts=[localhost:27017], srvServiceName=mongodb, mode=SINGLE, requiredClusterType=UNKNOWN, requiredReplicaSetName='null', serverSelector='null', clusterListeners='[]', serverSelectionTimeout='30000 ms', localThreshold='15 ms'}, socketSettings=SocketSettings{connectTimeoutMS=10000, readTimeoutMS=0, receiveBufferSize=0, proxySettings=ProxySettings{host=null, port=null, username=null, password=null}}, heartbeatSocketSettings=SocketSettings{connectTimeoutMS=10000, readTimeoutMS=10000, receiveBufferSize=0, proxySettings=ProxySettings{host=null, port=null, username=null, password=null}}, connectionPoolSettings=ConnectionPoolSettings{maxSize=100, minSize=0, maxWaitTimeMS=120000, maxConnectionLifeTimeMS=0, maxConnectionIdleTimeMS=0, maintenanceInitialDelayMS=0, maintenanceFrequencyMS=60000, connectionPoolListeners=[io.micrometer.core.instrument.binder.mongodb.MongoMetricsConnectionPoolListener@12948e7a], maxConnecting=2}, serverSettings=ServerSettings{heartbeatFrequencyMS=10000, minHeartbeatFrequencyMS=500, serverMonitoringMode=AUTO, serverListeners='[]', serverMonitorListeners='[]'}, sslSettings=SslSettings{enabled=false, invalidHostNameAllowed=false, context=null}, applicationName='null', compressorList=[], uuidRepresentation=UNSPECIFIED, serverApi=null, autoEncryptionSettings=null, dnsClient=null, inetAddressResolver=null, contextProvider=null, timeoutMS=null}
2025-12-21T12:17:28.119+03:00  INFO 4816 --- [user-service] [cluster-ClusterId{value='6947bb289d9e37080177f860', description='null'}-localhost:27017] [                                                 ] org.mongodb.driver.cluster               : Monitor thread successfully connected to server with description ServerDescription{address=localhost:27017, type=STANDALONE, cryptd=false, state=CONNECTED, ok=true, minWireVersion=0, maxWireVersion=27, maxDocumentSize=16777216, logicalSessionTimeoutMinutes=30, roundTripTimeNanos=42294167, minRoundTripTimeNanos=0}
2025-12-21T12:17:28.667+03:00  INFO 4816 --- [user-service] [main] [                                                 ] o.s.c.s.m.DirectWithAttributesChannel    : Channel 'user-service.springCloudBusInput' has 1 subscriber(s).
2025-12-21T12:17:28.903+03:00  INFO 4816 --- [user-service] [main] [                                                 ] DiscoveryClientOptionalArgsConfiguration : Eureka HTTP Client uses RestClient.
2025-12-21T12:17:28.921+03:00  WARN 4816 --- [user-service] [main] [                                                 ] iguration$LoadBalancerCaffeineWarnLogger : Spring Cloud LoadBalancer is currently working with the default cache. While this cache implementation is useful for development and tests, it's recommended to use Caffeine cache in production.You can switch to using Caffeine cache, by adding it and org.springframework.cache.caffeine.CaffeineCacheManager to the classpath.
2025-12-21T12:17:28.925+03:00  INFO 4816 --- [user-service] [main] [                                                 ] o.s.b.a.e.web.EndpointLinksResolver      : Exposing 26 endpoints beneath base path '/actuator'
2025-12-21T12:17:28.978+03:00  INFO 4816 --- [user-service] [main] [                                                 ] o.s.i.endpoint.EventDrivenConsumer       : Adding {logging-channel-adapter:_org.springframework.integration.errorLogger} as a subscriber to the 'errorChannel' channel
2025-12-21T12:17:28.978+03:00  INFO 4816 --- [user-service] [main] [                                                 ] o.s.i.channel.PublishSubscribeChannel    : Channel 'user-service.errorChannel' has 1 subscriber(s).
2025-12-21T12:17:28.978+03:00  INFO 4816 --- [user-service] [main] [                                                 ] o.s.i.endpoint.EventDrivenConsumer       : started bean '_org.springframework.integration.errorLogger'
2025-12-21T12:17:28.990+03:00  INFO 4816 --- [user-service] [main] [                                                 ] o.s.c.n.eureka.InstanceInfoFactory       : Setting initial instance status as: STARTING
2025-12-21T12:17:29.003+03:00  INFO 4816 --- [user-service] [main] [                                                 ] com.netflix.discovery.DiscoveryClient    : Initializing Eureka in region us-east-1
2025-12-21T12:17:29.004+03:00  INFO 4816 --- [user-service] [main] [                                                 ] c.n.d.s.r.aws.ConfigClusterResolver      : Resolving eureka endpoints via configuration
2025-12-21T12:17:29.008+03:00  INFO 4816 --- [user-service] [main] [                                                 ] com.netflix.discovery.DiscoveryClient    : Disable delta property : false
2025-12-21T12:17:29.009+03:00  INFO 4816 --- [user-service] [main] [                                                 ] com.netflix.discovery.DiscoveryClient    : Single vip registry refresh property : null
2025-12-21T12:17:29.009+03:00  INFO 4816 --- [user-service] [main] [                                                 ] com.netflix.discovery.DiscoveryClient    : Force full registry fetch : false
2025-12-21T12:17:29.009+03:00  INFO 4816 --- [user-service] [main] [                                                 ] com.netflix.discovery.DiscoveryClient    : Application is null : false
2025-12-21T12:17:29.009+03:00  INFO 4816 --- [user-service] [main] [                                                 ] com.netflix.discovery.DiscoveryClient    : Registered Applications size is zero : true
2025-12-21T12:17:29.009+03:00  INFO 4816 --- [user-service] [main] [                                                 ] com.netflix.discovery.DiscoveryClient    : Application version is -1: true
2025-12-21T12:17:29.009+03:00  INFO 4816 --- [user-service] [main] [                                                 ] com.netflix.discovery.DiscoveryClient    : Getting all instance registry info from the eureka server
2025-12-21T12:17:29.167+03:00  INFO 4816 --- [user-service] [main] [                                                 ] com.netflix.discovery.DiscoveryClient    : The response status is 200
2025-12-21T12:17:29.168+03:00  INFO 4816 --- [user-service] [main] [                                                 ] com.netflix.discovery.DiscoveryClient    : Starting heartbeat executor: renew interval is: 30
2025-12-21T12:17:29.169+03:00  INFO 4816 --- [user-service] [main] [                                                 ] c.n.discovery.InstanceInfoReplicator     : InstanceInfoReplicator onDemand update allowed rate per min is 4
2025-12-21T12:17:29.170+03:00  INFO 4816 --- [user-service] [main] [                                                 ] com.netflix.discovery.DiscoveryClient    : Discovery Client initialized at timestamp 1766308649170 with initial instances count: 0
2025-12-21T12:17:29.172+03:00  INFO 4816 --- [user-service] [main] [                                                 ] o.s.c.n.e.s.EurekaServiceRegistry        : Registering application USER-SERVICE with eureka with status UP
2025-12-21T12:17:29.173+03:00  INFO 4816 --- [user-service] [main] [                                                 ] com.netflix.discovery.DiscoveryClient    : Saw local status change event StatusChangeEvent [timestamp=1766308649173, current=UP, previous=STARTING]
2025-12-21T12:17:29.174+03:00  INFO 4816 --- [user-service] [DiscoveryClient-InstanceInfoReplicator-%d] [                                                 ] com.netflix.discovery.DiscoveryClient    : DiscoveryClient_USER-SERVICE/192.168.0.100:user-service:8082: registering service...
2025-12-21T12:17:29.175+03:00  INFO 4816 --- [user-service] [main] [                                                 ] o.s.c.s.binder.DefaultBinderFactory      : Creating binder: rabbit
2025-12-21T12:17:29.175+03:00  INFO 4816 --- [user-service] [main] [                                                 ] o.s.c.s.binder.DefaultBinderFactory      : Constructing binder child context for rabbit
2025-12-21T12:17:29.212+03:00  INFO 4816 --- [user-service] [DiscoveryClient-InstanceInfoReplicator-%d] [                                                 ] com.netflix.discovery.DiscoveryClient    : DiscoveryClient_USER-SERVICE/192.168.0.100:user-service:8082 - registration status: 204
2025-12-21T12:17:29.247+03:00  INFO 4816 --- [user-service] [main] [                                                 ] o.s.c.s.binder.DefaultBinderFactory      : Caching the binder: rabbit
2025-12-21T12:17:29.254+03:00  INFO 4816 --- [user-service] [main] [                                                 ] c.s.b.r.p.RabbitExchangeQueueProvisioner : declaring queue for inbound: springCloudBus.anonymous.DGHBDD8ISV6n8PRfTwMEIQ, bound to: springCloudBus
2025-12-21T12:17:29.255+03:00  INFO 4816 --- [user-service] [main] [                                                 ] o.s.a.r.c.CachingConnectionFactory       : Attempting to connect to: [localhost:5672]
2025-12-21T12:17:29.295+03:00  INFO 4816 --- [user-service] [main] [                                                 ] o.s.a.r.c.CachingConnectionFactory       : Created new connection: rabbitConnectionFactory#6c65c6f0:0/SimpleConnection@ae2227 [delegate=amqp://guest@127.0.0.1:5672/, localPort=54857]
2025-12-21T12:17:29.347+03:00  INFO 4816 --- [user-service] [main] [                                                 ] o.s.c.stream.binder.BinderErrorChannel   : Channel 'rabbit-1028340628.springCloudBusInput.errors' has 1 subscriber(s).
2025-12-21T12:17:29.348+03:00  INFO 4816 --- [user-service] [main] [                                                 ] o.s.c.stream.binder.BinderErrorChannel   : Channel 'rabbit-1028340628.springCloudBusInput.errors' has 2 subscriber(s).
2025-12-21T12:17:29.361+03:00  INFO 4816 --- [user-service] [main] [                                                 ] o.s.i.a.i.AmqpInboundChannelAdapter      : started bean 'inbound.springCloudBus.anonymous.DGHBDD8ISV6n8PRfTwMEIQ'
2025-12-21T12:17:29.372+03:00  INFO 4816 --- [user-service] [main] [                                                 ] o.s.boot.tomcat.TomcatWebServer          : Tomcat started on port 8082 (http) with context path '/'
2025-12-21T12:17:29.373+03:00  INFO 4816 --- [user-service] [main] [                                                 ] .s.c.n.e.s.EurekaAutoServiceRegistration : Updating port to 8082
2025-12-21T12:17:29.416+03:00  INFO 4816 --- [user-service] [main] [                                                 ] com.ecommerce.user.UserApplication       : Started UserApplication in 4.908 seconds (process running for 5.251)
2025-12-21T12:17:30.767+03:00  INFO 4816 --- [user-service] [http-nio-8082-exec-1] [                                                 ] o.a.c.c.C.[Tomcat].[localhost].[/]       : Initializing Spring DispatcherServlet 'dispatcherServlet'
2025-12-21T12:17:30.767+03:00  INFO 4816 --- [user-service] [http-nio-8082-exec-1] [                                                 ] o.s.web.servlet.DispatcherServlet        : Initializing Servlet 'dispatcherServlet'
2025-12-21T12:17:30.770+03:00  INFO 4816 --- [user-service] [http-nio-8082-exec-1] [                                                 ] o.s.web.servlet.DispatcherServlet        : Completed initialization in 3 ms
2025-12-21T12:17:59.170+03:00  INFO 4816 --- [user-service] [DiscoveryClient-CacheRefreshExecutor-%d] [                                                 ] com.netflix.discovery.DiscoveryClient    : Disable delta property : false
2025-12-21T12:17:59.173+03:00  INFO 4816 --- [user-service] [DiscoveryClient-CacheRefreshExecutor-%d] [                                                 ] com.netflix.discovery.DiscoveryClient    : Single vip registry refresh property : null
2025-12-21T12:17:59.174+03:00  INFO 4816 --- [user-service] [DiscoveryClient-CacheRefreshExecutor-%d] [                                                 ] com.netflix.discovery.DiscoveryClient    : Force full registry fetch : false
2025-12-21T12:17:59.174+03:00  INFO 4816 --- [user-service] [DiscoveryClient-CacheRefreshExecutor-%d] [                                                 ] com.netflix.discovery.DiscoveryClient    : Application is null : false
2025-12-21T12:17:59.174+03:00  INFO 4816 --- [user-service] [DiscoveryClient-CacheRefreshExecutor-%d] [                                                 ] com.netflix.discovery.DiscoveryClient    : Registered Applications size is zero : true
2025-12-21T12:17:59.175+03:00  INFO 4816 --- [user-service] [DiscoveryClient-CacheRefreshExecutor-%d] [                                                 ] com.netflix.discovery.DiscoveryClient    : Application version is -1: false
2025-12-21T12:17:59.175+03:00  INFO 4816 --- [user-service] [DiscoveryClient-CacheRefreshExecutor-%d] [                                                 ] com.netflix.discovery.DiscoveryClient    : Getting all instance registry info from the eureka server
2025-12-21T12:17:59.211+03:00  INFO 4816 --- [user-service] [DiscoveryClient-CacheRefreshExecutor-%d] [                                                 ] com.netflix.discovery.DiscoveryClient    : The response status is 200
2025-12-21T12:22:29.014+03:00  INFO 4816 --- [user-service] [AsyncResolver-bootstrap-executor-%d] [                                                 ] c.n.d.s.r.aws.ConfigClusterResolver      : Resolving eureka endpoints via configuration
2025-12-21T12:27:29.024+03:00  INFO 4816 --- [user-service] [AsyncResolver-bootstrap-executor-%d] [                                                 ] c.n.d.s.r.aws.ConfigClusterResolver      : Resolving eureka endpoints via configuration
2025-12-21T12:32:29.037+03:00  INFO 4816 --- [user-service] [AsyncResolver-bootstrap-executor-%d] [                                                 ] c.n.d.s.r.aws.ConfigClusterResolver      : Resolving eureka endpoints via configuration
2025-12-21T12:37:29.043+03:00  INFO 4816 --- [user-service] [AsyncResolver-bootstrap-executor-%d] [                                                 ] c.n.d.s.r.aws.ConfigClusterResolver      : Resolving eureka endpoints via configuration
2025-12-21T12:42:29.057+03:00  INFO 4816 --- [user-service] [AsyncResolver-bootstrap-executor-%d] [                                                 ] c.n.d.s.r.aws.ConfigClusterResolver      : Resolving eureka endpoints via configuration
2025-12-21T12:47:29.073+03:00  INFO 4816 --- [user-service] [AsyncResolver-bootstrap-executor-%d] [                                                 ] c.n.d.s.r.aws.ConfigClusterResolver      : Resolving eureka endpoints via configuration
2025-12-21T12:52:29.077+03:00  INFO 4816 --- [user-service] [AsyncResolver-bootstrap-executor-%d] [                                                 ] c.n.d.s.r.aws.ConfigClusterResolver      : Resolving eureka endpoints via configuration
2025-12-21T12:53:05.210+03:00  INFO 4816 --- [user-service] [http-nio-8082-exec-3] [6947c3813a3afcfd6cba74ad97b79bb7-687d295f698ba93d] c.e.user.controller.UsersController      : Request received for user: 4
2025-12-21T12:53:05.210+03:00 TRACE 4816 --- [user-service] [http-nio-8082-exec-3] [6947c3813a3afcfd6cba74ad97b79bb7-687d295f698ba93d] c.e.user.controller.UsersController      : this is TRACE level - very detailed logs
2025-12-21T12:53:05.210+03:00 DEBUG 4816 --- [user-service] [http-nio-8082-exec-3] [6947c3813a3afcfd6cba74ad97b79bb7-687d295f698ba93d] c.e.user.controller.UsersController      : this is DEBUG level - used for development debugging
2025-12-21T12:53:05.210+03:00  INFO 4816 --- [user-service] [http-nio-8082-exec-3] [6947c3813a3afcfd6cba74ad97b79bb7-687d295f698ba93d] c.e.user.controller.UsersController      : this is INFO level - General system information
2025-12-21T12:53:05.210+03:00  WARN 4816 --- [user-service] [http-nio-8082-exec-3] [6947c3813a3afcfd6cba74ad97b79bb7-687d295f698ba93d] c.e.user.controller.UsersController      : this is WARN level - Something might be wrong
2025-12-21T12:53:05.210+03:00 ERROR 4816 --- [user-service] [http-nio-8082-exec-3] [6947c3813a3afcfd6cba74ad97b79bb7-687d295f698ba93d] c.e.user.controller.UsersController      : this is ERROR level - Something must have failed
2025-12-21T12:55:25.321+03:00  INFO 4816 --- [user-service] [http-nio-8082-exec-1] [6947c40db9f71cb141ac49d05ce6e532-d27331940352d733] c.e.user.controller.UsersController      : Request received for user: 6936cd7bee03fdc075e4d22f
2025-12-21T12:55:25.322+03:00 TRACE 4816 --- [user-service] [http-nio-8082-exec-1] [6947c40db9f71cb141ac49d05ce6e532-d27331940352d733] c.e.user.controller.UsersController      : this is TRACE level - very detailed logs
2025-12-21T12:55:25.322+03:00 DEBUG 4816 --- [user-service] [http-nio-8082-exec-1] [6947c40db9f71cb141ac49d05ce6e532-d27331940352d733] c.e.user.controller.UsersController      : this is DEBUG level - used for development debugging
2025-12-21T12:55:25.322+03:00  INFO 4816 --- [user-service] [http-nio-8082-exec-1] [6947c40db9f71cb141ac49d05ce6e532-d27331940352d733] c.e.user.controller.UsersController      : this is INFO level - General system information
2025-12-21T12:55:25.322+03:00  WARN 4816 --- [user-service] [http-nio-8082-exec-1] [6947c40db9f71cb141ac49d05ce6e532-d27331940352d733] c.e.user.controller.UsersController      : this is WARN level - Something might be wrong
2025-12-21T12:55:25.323+03:00 ERROR 4816 --- [user-service] [http-nio-8082-exec-1] [6947c40db9f71cb141ac49d05ce6e532-d27331940352d733] c.e.user.controller.UsersController      : this is ERROR level - Something must have failed
2025-12-21T12:55:29.758+03:00  INFO 4816 --- [user-service] [http-nio-8082-exec-3] [6947c4110a979a96e4b619a52508c899-67edd298b71e6b61] c.e.user.controller.UsersController      : Request received for user: 6944f04c424cc1d19a34c6e9
2025-12-21T12:55:29.777+03:00 TRACE 4816 --- [user-service] [http-nio-8082-exec-3] [6947c4110a979a96e4b619a52508c899-67edd298b71e6b61] c.e.user.controller.UsersController      : this is TRACE level - very detailed logs
2025-12-21T12:55:29.777+03:00 DEBUG 4816 --- [user-service] [http-nio-8082-exec-3] [6947c4110a979a96e4b619a52508c899-67edd298b71e6b61] c.e.user.controller.UsersController      : this is DEBUG level - used for development debugging
2025-12-21T12:55:29.777+03:00  INFO 4816 --- [user-service] [http-nio-8082-exec-3] [6947c4110a979a96e4b619a52508c899-67edd298b71e6b61] c.e.user.controller.UsersController      : this is INFO level - General system information
2025-12-21T12:55:29.777+03:00  WARN 4816 --- [user-service] [http-nio-8082-exec-3] [6947c4110a979a96e4b619a52508c899-67edd298b71e6b61] c.e.user.controller.UsersController      : this is WARN level - Something might be wrong
2025-12-21T12:55:29.777+03:00 ERROR 4816 --- [user-service] [http-nio-8082-exec-3] [6947c4110a979a96e4b619a52508c899-67edd298b71e6b61] c.e.user.controller.UsersController      : this is ERROR level - Something must have failed
2025-12-21T12:56:30.465+03:00  INFO 4816 --- [user-service] [http-nio-8082-exec-7] [6947c44e50f804e075ec3bc43b193139-867a554aa29f1931] c.e.user.controller.UsersController      : Request received for user: 6944f04c424cc1d19a34c6e9
2025-12-21T12:56:30.472+03:00 TRACE 4816 --- [user-service] [http-nio-8082-exec-7] [6947c44e50f804e075ec3bc43b193139-867a554aa29f1931] c.e.user.controller.UsersController      : this is TRACE level - very detailed logs
2025-12-21T12:56:30.472+03:00 DEBUG 4816 --- [user-service] [http-nio-8082-exec-7] [6947c44e50f804e075ec3bc43b193139-867a554aa29f1931] c.e.user.controller.UsersController      : this is DEBUG level - used for development debugging
2025-12-21T12:56:30.472+03:00  INFO 4816 --- [user-service] [http-nio-8082-exec-7] [6947c44e50f804e075ec3bc43b193139-867a554aa29f1931] c.e.user.controller.UsersController      : this is INFO level - General system information
2025-12-21T12:56:30.472+03:00  WARN 4816 --- [user-service] [http-nio-8082-exec-7] [6947c44e50f804e075ec3bc43b193139-867a554aa29f1931] c.e.user.controller.UsersController      : this is WARN level - Something might be wrong
2025-12-21T12:56:30.472+03:00 ERROR 4816 --- [user-service] [http-nio-8082-exec-7] [6947c44e50f804e075ec3bc43b193139-867a554aa29f1931] c.e.user.controller.UsersController      : this is ERROR level - Something must have failed
2025-12-21T12:57:29.052+03:00  INFO 4816 --- [user-service] [AsyncResolver-bootstrap-executor-%d] [                                                 ] c.n.d.s.r.aws.ConfigClusterResolver      : Resolving eureka endpoints via configuration
