2025-12-29 17:11:56,377 INFO o.a.j.u.JMeterUtils: Setting Locale to en_EN
2025-12-29 17:11:56,393 INFO o.a.j.JMeter: Loading user properties from: /opt/homebrew/Cellar/jmeter/5.6.3/libexec/bin/user.properties
2025-12-29 17:11:56,393 INFO o.a.j.JMeter: Loading system properties from: /opt/homebrew/Cellar/jmeter/5.6.3/libexec/bin/system.properties
2025-12-29 17:11:56,397 INFO o.a.j.JMeter: Copyright (c) 1998-2024 The Apache Software Foundation
2025-12-29 17:11:56,397 INFO o.a.j.JMeter: Version 5.6.3
2025-12-29 17:11:56,397 INFO o.a.j.JMeter: java.version=21.0.9
2025-12-29 17:11:56,397 INFO o.a.j.JMeter: java.vm.name=OpenJDK 64-Bit Server VM
2025-12-29 17:11:56,397 INFO o.a.j.JMeter: os.name=Mac OS X
2025-12-29 17:11:56,397 INFO o.a.j.JMeter: os.arch=aarch64
2025-12-29 17:11:56,397 INFO o.a.j.JMeter: os.version=15.7.3
2025-12-29 17:11:56,397 INFO o.a.j.JMeter: file.encoding=UTF-8
2025-12-29 17:11:56,397 INFO o.a.j.JMeter: java.awt.headless=null
2025-12-29 17:11:56,397 INFO o.a.j.JMeter: Max memory     =1073741824
2025-12-29 17:11:56,397 INFO o.a.j.JMeter: Available Processors =8
2025-12-29 17:11:56,404 INFO o.a.j.JMeter: Default Locale=English (EN)
2025-12-29 17:11:56,404 INFO o.a.j.JMeter: JMeter  Locale=English (EN)
2025-12-29 17:11:56,405 INFO o.a.j.JMeter: JMeterHome=/opt/homebrew/Cellar/jmeter/5.6.3/libexec
2025-12-29 17:11:56,405 INFO o.a.j.JMeter: user.dir  =/Users/githukudenis/Development/Java/e-commerce microservices/additional/evaluate-prometheus
2025-12-29 17:11:56,405 INFO o.a.j.JMeter: PWD       =/Users/githukudenis/Development/Java/e-commerce microservices/additional/evaluate-prometheus
2025-12-29 17:11:56,410 INFO o.a.j.JMeter: IP: 127.0.0.1 Name: Deniss-MacBook-Pro.local FullName: localhost
2025-12-29 17:11:56,420 INFO o.a.j.JMeter: Loaded icon properties from org/apache/jmeter/images/icon.properties
2025-12-29 17:11:56,884 INFO o.a.j.JMeterGuiLauncher: Setting LAF to: laf:com.apple.laf.AquaLookAndFeel
2025-12-29 17:11:58,011 INFO o.a.j.r.ClassFinder: Will scan jar /opt/homebrew/Cellar/jmeter/5.6.3/libexec/lib/ext/jmeter-plugins-manager-1.9.jar with filter ExtendsClassFilter [parents=[interface org.apache.jmeter.gui.action.Command], inner=false, contains=null, notContains=null]. Consider exposing JMeter plugins via META-INF/services, and add JMeter-Skip-Class-Scanning=true manifest attribute so JMeter can skip classfile scanning
2025-12-29 17:11:58,097 INFO o.a.j.r.ClassFinder: Will scan jar /opt/homebrew/Cellar/jmeter/5.6.3/libexec/lib/ext/jmeter-plugins-manager-1.9.jar with filter ExtendsClassFilter [parents=[interface org.apache.jmeter.gui.plugin.MenuCreator], inner=false, contains=null, notContains=null]. Consider exposing JMeter plugins via META-INF/services, and add JMeter-Skip-Class-Scanning=true manifest attribute so JMeter can skip classfile scanning
2025-12-29 17:11:58,194 INFO o.j.r.JARSourceHTTP: Requesting https://jmeter-plugins.org/repo/?installID=mac_os_x-83418265bdf0ffebb79790366b516324-gui
2025-12-29 17:12:01,586 INFO o.j.r.PluginManager: Plugins Status: [jpgc-plugins-manager=1.9, jmeter-core=5.6.3, jmeter-ftp=5.6.3, jmeter-http=5.6.3, jmeter-jdbc=5.6.3, jmeter-jms=5.6.3, jmeter-junit=5.6.3, jmeter-java=5.6.3, jmeter-ldap=5.6.3, jmeter-mail=5.6.3, jmeter-mongodb=5.6.3, jmeter-native=5.6.3, jmeter-tcp=5.6.3, jmeter-components=5.6.3]
2025-12-29 17:12:01,587 INFO o.j.r.PluginManagerMenuItem: Plugins Manager has upgrades: [jpgc-plugins-manager]
2025-12-29 17:12:19,974 INFO o.a.j.p.h.s.HTTPSamplerBase: Parser for text/html is org.apache.jmeter.protocol.http.parser.LagartoBasedHtmlParser
2025-12-29 17:12:19,974 INFO o.a.j.p.h.s.HTTPSamplerBase: Parser for application/xhtml+xml is org.apache.jmeter.protocol.http.parser.LagartoBasedHtmlParser
2025-12-29 17:12:19,974 INFO o.a.j.p.h.s.HTTPSamplerBase: Parser for application/xml is org.apache.jmeter.protocol.http.parser.LagartoBasedHtmlParser
2025-12-29 17:12:19,974 INFO o.a.j.p.h.s.HTTPSamplerBase: Parser for text/xml is org.apache.jmeter.protocol.http.parser.LagartoBasedHtmlParser
2025-12-29 17:12:19,974 INFO o.a.j.p.h.s.HTTPSamplerBase: Parser for text/vnd.wap.wml is org.apache.jmeter.protocol.http.parser.RegexpHTMLParser
2025-12-29 17:12:19,975 INFO o.a.j.p.h.s.HTTPSamplerBase: Parser for text/css is org.apache.jmeter.protocol.http.parser.CssParser
2025-12-29 17:13:05,173 INFO o.a.j.e.StandardJMeterEngine: Running the test!
2025-12-29 17:13:05,174 INFO o.a.j.s.SampleEvent: List of sample_variables: []
2025-12-29 17:13:05,174 INFO o.a.j.s.SampleEvent: List of sample_variables: []
2025-12-29 17:13:05,176 INFO o.a.j.e.u.CompoundVariable: Note: Function class names must contain the string: '.functions.'
2025-12-29 17:13:05,176 INFO o.a.j.e.u.CompoundVariable: Note: Function class names must not contain the string: '.gui.'
2025-12-29 17:13:05,254 INFO o.a.j.r.ClassFinder: Will scan jar /opt/homebrew/Cellar/jmeter/5.6.3/libexec/lib/ext/jmeter-plugins-manager-1.9.jar with filter ExtendsClassFilter [parents=[interface org.apache.jmeter.functions.Function], inner=false, contains=null, notContains=null]. Consider exposing JMeter plugins via META-INF/services, and add JMeter-Skip-Class-Scanning=true manifest attribute so JMeter can skip classfile scanning
2025-12-29 17:13:05,300 INFO o.a.j.g.u.JMeterMenuBar: setRunning(true, *local*)
2025-12-29 17:13:05,344 INFO o.a.j.e.StandardJMeterEngine: Starting ThreadGroup: 1 : Thread Group
2025-12-29 17:13:05,344 INFO o.a.j.e.StandardJMeterEngine: Starting 10 threads for group Thread Group.
2025-12-29 17:13:05,344 INFO o.a.j.e.StandardJMeterEngine: Thread will continue on error
2025-12-29 17:13:05,345 INFO o.a.j.t.ThreadGroup: Starting thread group... number=1 threads=10 ramp-up=1 delayedStart=false
2025-12-29 17:13:05,349 INFO o.a.j.t.JMeterThread: Thread started: Thread Group 1-1
2025-12-29 17:13:05,352 INFO o.a.j.t.ThreadGroup: Started thread group number 1
2025-12-29 17:13:05,352 INFO o.a.j.e.StandardJMeterEngine: All thread groups have been started
2025-12-29 17:13:05,361 INFO o.a.j.p.h.s.HTTPHCAbstractImpl: Local host = Deniss-MacBook-Pro.local
2025-12-29 17:13:05,366 INFO o.a.j.p.h.s.HTTPHC4Impl: HTTP request retry count = 0
2025-12-29 17:13:05,367 INFO o.a.j.s.SampleResult: Note: Sample TimeStamps are START times
2025-12-29 17:13:05,368 INFO o.a.j.s.SampleResult: sampleresult.default.encoding is set to UTF-8
2025-12-29 17:13:05,368 INFO o.a.j.s.SampleResult: sampleresult.useNanoTime=true
2025-12-29 17:13:05,368 INFO o.a.j.s.SampleResult: sampleresult.nanoThreadSleep=5000
2025-12-29 17:13:05,451 INFO o.a.j.t.JMeterThread: Thread started: Thread Group 1-2
2025-12-29 17:13:05,453 INFO o.a.j.t.JMeterThread: Thread is done: Thread Group 1-1
2025-12-29 17:13:05,453 INFO o.a.j.t.JMeterThread: Thread finished: Thread Group 1-1
2025-12-29 17:13:05,460 INFO o.a.j.t.JMeterThread: Thread is done: Thread Group 1-2
2025-12-29 17:13:05,460 INFO o.a.j.t.JMeterThread: Thread finished: Thread Group 1-2
2025-12-29 17:13:05,551 INFO o.a.j.t.JMeterThread: Thread started: Thread Group 1-3
2025-12-29 17:13:05,566 INFO o.a.j.t.JMeterThread: Thread is done: Thread Group 1-3
2025-12-29 17:13:05,566 INFO o.a.j.t.JMeterThread: Thread finished: Thread Group 1-3
2025-12-29 17:13:05,647 INFO o.a.j.t.JMeterThread: Thread started: Thread Group 1-4
2025-12-29 17:13:05,656 INFO o.a.j.t.JMeterThread: Thread is done: Thread Group 1-4
2025-12-29 17:13:05,656 INFO o.a.j.t.JMeterThread: Thread finished: Thread Group 1-4
2025-12-29 17:13:05,750 INFO o.a.j.t.JMeterThread: Thread started: Thread Group 1-5
2025-12-29 17:13:05,755 INFO o.a.j.t.JMeterThread: Thread is done: Thread Group 1-5
2025-12-29 17:13:05,755 INFO o.a.j.t.JMeterThread: Thread finished: Thread Group 1-5
2025-12-29 17:13:05,851 INFO o.a.j.t.JMeterThread: Thread started: Thread Group 1-6
2025-12-29 17:13:05,857 INFO o.a.j.t.JMeterThread: Thread is done: Thread Group 1-6
2025-12-29 17:13:05,857 INFO o.a.j.t.JMeterThread: Thread finished: Thread Group 1-6
2025-12-29 17:13:05,952 INFO o.a.j.t.JMeterThread: Thread started: Thread Group 1-7
2025-12-29 17:13:05,957 INFO o.a.j.t.JMeterThread: Thread is done: Thread Group 1-7
2025-12-29 17:13:05,957 INFO o.a.j.t.JMeterThread: Thread finished: Thread Group 1-7
2025-12-29 17:13:06,052 INFO o.a.j.t.JMeterThread: Thread started: Thread Group 1-8
2025-12-29 17:13:06,059 INFO o.a.j.t.JMeterThread: Thread is done: Thread Group 1-8
2025-12-29 17:13:06,060 INFO o.a.j.t.JMeterThread: Thread finished: Thread Group 1-8
2025-12-29 17:13:06,153 INFO o.a.j.t.JMeterThread: Thread started: Thread Group 1-9
2025-12-29 17:13:06,159 INFO o.a.j.t.JMeterThread: Thread is done: Thread Group 1-9
2025-12-29 17:13:06,159 INFO o.a.j.t.JMeterThread: Thread finished: Thread Group 1-9
2025-12-29 17:13:06,252 INFO o.a.j.t.JMeterThread: Thread started: Thread Group 1-10
2025-12-29 17:13:06,257 INFO o.a.j.t.JMeterThread: Thread is done: Thread Group 1-10
2025-12-29 17:13:06,258 INFO o.a.j.t.JMeterThread: Thread finished: Thread Group 1-10
2025-12-29 17:13:06,258 INFO o.a.j.e.StandardJMeterEngine: Notifying test listeners of end of test
2025-12-29 17:13:06,259 INFO o.a.j.s.FileServer: Default base='/Users/githukudenis/Development/Java/e-commerce microservices/additional/evaluate-prometheus'
2025-12-29 17:13:06,260 INFO o.a.j.g.u.JMeterMenuBar: setRunning(false, *local*)
2025-12-29 17:14:02,557 INFO o.a.j.s.FileServer: Set new base='/Users/githukudenis/Desktop'
2025-12-29 17:14:02,706 INFO o.a.j.s.SaveService: Testplan (JMX) version: 2.2. Testlog (JTL) version: 2.2
2025-12-29 17:14:02,713 INFO o.a.j.s.SaveService: Using SaveService properties version 5.0
2025-12-29 17:14:02,714 INFO o.a.j.s.SaveService: Using SaveService properties file encoding UTF-8
2025-12-29 17:14:02,721 INFO o.a.j.e.StandardJMeterEngine: Running the test!
2025-12-29 17:14:02,721 INFO o.a.j.s.SampleEvent: List of sample_variables: []
2025-12-29 17:14:02,722 INFO o.a.j.g.u.JMeterMenuBar: setRunning(true, *local*)
2025-12-29 17:14:02,767 INFO o.a.j.e.StandardJMeterEngine: Starting ThreadGroup: 1 : Thread Group
2025-12-29 17:14:02,767 INFO o.a.j.e.StandardJMeterEngine: Starting 10 threads for group Thread Group.
2025-12-29 17:14:02,767 INFO o.a.j.e.StandardJMeterEngine: Thread will continue on error
2025-12-29 17:14:02,767 INFO o.a.j.t.ThreadGroup: Starting thread group... number=1 threads=10 ramp-up=1 delayedStart=false
2025-12-29 17:14:02,768 INFO o.a.j.t.JMeterThread: Thread started: Thread Group 1-1
2025-12-29 17:14:02,770 INFO o.a.j.t.ThreadGroup: Started thread group number 1
2025-12-29 17:14:02,770 INFO o.a.j.e.StandardJMeterEngine: All thread groups have been started
2025-12-29 17:14:02,802 INFO o.a.j.t.JMeterThread: Thread is done: Thread Group 1-1
2025-12-29 17:14:02,802 INFO o.a.j.t.JMeterThread: Thread finished: Thread Group 1-1
2025-12-29 17:14:02,872 INFO o.a.j.t.JMeterThread: Thread started: Thread Group 1-2
2025-12-29 17:14:02,882 INFO o.a.j.t.JMeterThread: Thread is done: Thread Group 1-2
2025-12-29 17:14:02,882 INFO o.a.j.t.JMeterThread: Thread finished: Thread Group 1-2
2025-12-29 17:14:02,968 INFO o.a.j.t.JMeterThread: Thread started: Thread Group 1-3
2025-12-29 17:14:02,980 INFO o.a.j.t.JMeterThread: Thread is done: Thread Group 1-3
2025-12-29 17:14:02,980 INFO o.a.j.t.JMeterThread: Thread finished: Thread Group 1-3
2025-12-29 17:14:03,072 INFO o.a.j.t.JMeterThread: Thread started: Thread Group 1-4
2025-12-29 17:14:03,079 INFO o.a.j.t.JMeterThread: Thread is done: Thread Group 1-4
2025-12-29 17:14:03,079 INFO o.a.j.t.JMeterThread: Thread finished: Thread Group 1-4
2025-12-29 17:14:03,173 INFO o.a.j.t.JMeterThread: Thread started: Thread Group 1-5
2025-12-29 17:14:03,204 INFO o.a.j.t.JMeterThread: Thread is done: Thread Group 1-5
2025-12-29 17:14:03,205 INFO o.a.j.t.JMeterThread: Thread finished: Thread Group 1-5
2025-12-29 17:14:03,272 INFO o.a.j.t.JMeterThread: Thread started: Thread Group 1-6
2025-12-29 17:14:03,276 INFO o.a.j.t.JMeterThread: Thread is done: Thread Group 1-6
2025-12-29 17:14:03,276 INFO o.a.j.t.JMeterThread: Thread finished: Thread Group 1-6
2025-12-29 17:14:03,372 INFO o.a.j.t.JMeterThread: Thread started: Thread Group 1-7
2025-12-29 17:14:03,375 INFO o.a.j.t.JMeterThread: Thread is done: Thread Group 1-7
2025-12-29 17:14:03,376 INFO o.a.j.t.JMeterThread: Thread finished: Thread Group 1-7
2025-12-29 17:14:03,473 INFO o.a.j.t.JMeterThread: Thread started: Thread Group 1-8
2025-12-29 17:14:03,482 INFO o.a.j.t.JMeterThread: Thread is done: Thread Group 1-8
2025-12-29 17:14:03,482 INFO o.a.j.t.JMeterThread: Thread finished: Thread Group 1-8
2025-12-29 17:14:03,573 INFO o.a.j.t.JMeterThread: Thread started: Thread Group 1-9
2025-12-29 17:14:03,579 INFO o.a.j.t.JMeterThread: Thread is done: Thread Group 1-9
2025-12-29 17:14:03,579 INFO o.a.j.t.JMeterThread: Thread finished: Thread Group 1-9
2025-12-29 17:14:03,672 INFO o.a.j.t.JMeterThread: Thread started: Thread Group 1-10
2025-12-29 17:14:03,683 INFO o.a.j.t.JMeterThread: Thread is done: Thread Group 1-10
2025-12-29 17:14:03,683 INFO o.a.j.t.JMeterThread: Thread finished: Thread Group 1-10
2025-12-29 17:14:03,684 INFO o.a.j.e.StandardJMeterEngine: Notifying test listeners of end of test
2025-12-29 17:14:03,684 INFO o.a.j.g.u.JMeterMenuBar: setRunning(false, *local*)
2025-12-29 17:14:04,818 INFO o.a.j.e.StandardJMeterEngine: Running the test!
2025-12-29 17:14:04,818 INFO o.a.j.s.SampleEvent: List of sample_variables: []
2025-12-29 17:14:04,820 INFO o.a.j.g.u.JMeterMenuBar: setRunning(true, *local*)
2025-12-29 17:14:04,850 INFO o.a.j.e.StandardJMeterEngine: Starting ThreadGroup: 1 : Thread Group
2025-12-29 17:14:04,851 INFO o.a.j.e.StandardJMeterEngine: Starting 10 threads for group Thread Group.
2025-12-29 17:14:04,851 INFO o.a.j.e.StandardJMeterEngine: Thread will continue on error
2025-12-29 17:14:04,851 INFO o.a.j.t.ThreadGroup: Starting thread group... number=1 threads=10 ramp-up=1 delayedStart=false
2025-12-29 17:14:04,851 INFO o.a.j.t.JMeterThread: Thread started: Thread Group 1-1
2025-12-29 17:14:04,853 INFO o.a.j.t.ThreadGroup: Started thread group number 1
2025-12-29 17:14:04,853 INFO o.a.j.e.StandardJMeterEngine: All thread groups have been started
2025-12-29 17:14:04,863 INFO o.a.j.t.JMeterThread: Thread is done: Thread Group 1-1
2025-12-29 17:14:04,864 INFO o.a.j.t.JMeterThread: Thread finished: Thread Group 1-1
2025-12-29 17:14:04,957 INFO o.a.j.t.JMeterThread: Thread started: Thread Group 1-2
2025-12-29 17:14:04,964 INFO o.a.j.t.JMeterThread: Thread is done: Thread Group 1-2
2025-12-29 17:14:04,964 INFO o.a.j.t.JMeterThread: Thread finished: Thread Group 1-2
2025-12-29 17:14:05,057 INFO o.a.j.t.JMeterThread: Thread started: Thread Group 1-3
2025-12-29 17:14:05,065 INFO o.a.j.t.JMeterThread: Thread is done: Thread Group 1-3
2025-12-29 17:14:05,065 INFO o.a.j.t.JMeterThread: Thread finished: Thread Group 1-3
2025-12-29 17:14:05,159 INFO o.a.j.t.JMeterThread: Thread started: Thread Group 1-4
2025-12-29 17:14:05,166 INFO o.a.j.t.JMeterThread: Thread is done: Thread Group 1-4
2025-12-29 17:14:05,167 INFO o.a.j.t.JMeterThread: Thread finished: Thread Group 1-4
2025-12-29 17:14:05,256 INFO o.a.j.t.JMeterThread: Thread started: Thread Group 1-5
2025-12-29 17:14:05,263 INFO o.a.j.t.JMeterThread: Thread is done: Thread Group 1-5
2025-12-29 17:14:05,263 INFO o.a.j.t.JMeterThread: Thread finished: Thread Group 1-5
2025-12-29 17:14:05,356 INFO o.a.j.t.JMeterThread: Thread started: Thread Group 1-6
2025-12-29 17:14:05,364 INFO o.a.j.t.JMeterThread: Thread is done: Thread Group 1-6
2025-12-29 17:14:05,364 INFO o.a.j.t.JMeterThread: Thread finished: Thread Group 1-6
2025-12-29 17:14:05,457 INFO o.a.j.t.JMeterThread: Thread started: Thread Group 1-7
2025-12-29 17:14:05,463 INFO o.a.j.t.JMeterThread: Thread is done: Thread Group 1-7
2025-12-29 17:14:05,463 INFO o.a.j.t.JMeterThread: Thread finished: Thread Group 1-7
2025-12-29 17:14:05,556 INFO o.a.j.t.JMeterThread: Thread started: Thread Group 1-8
2025-12-29 17:14:05,567 INFO o.a.j.t.JMeterThread: Thread is done: Thread Group 1-8
2025-12-29 17:14:05,567 INFO o.a.j.t.JMeterThread: Thread finished: Thread Group 1-8
2025-12-29 17:14:05,656 INFO o.a.j.t.JMeterThread: Thread started: Thread Group 1-9
2025-12-29 17:14:05,662 INFO o.a.j.t.JMeterThread: Thread is done: Thread Group 1-9
2025-12-29 17:14:05,662 INFO o.a.j.t.JMeterThread: Thread finished: Thread Group 1-9
2025-12-29 17:14:05,754 INFO o.a.j.t.JMeterThread: Thread started: Thread Group 1-10
2025-12-29 17:14:05,770 INFO o.a.j.t.JMeterThread: Thread is done: Thread Group 1-10
2025-12-29 17:14:05,770 INFO o.a.j.t.JMeterThread: Thread finished: Thread Group 1-10
2025-12-29 17:14:05,771 INFO o.a.j.e.StandardJMeterEngine: Notifying test listeners of end of test
2025-12-29 17:14:05,771 INFO o.a.j.g.u.JMeterMenuBar: setRunning(false, *local*)
2025-12-29 17:14:16,169 INFO o.a.j.r.ClassFinder: Will scan jar /opt/homebrew/Cellar/jmeter/5.6.3/libexec/lib/ext/jmeter-plugins-manager-1.9.jar with filter ExtendsClassFilter [parents=[interface org.apache.jmeter.visualizers.ResultRenderer], inner=false, contains=null, notContains=null]. Consider exposing JMeter plugins via META-INF/services, and add JMeter-Skip-Class-Scanning=true manifest attribute so JMeter can skip classfile scanning
2025-12-29 17:14:16,184 INFO o.a.j.r.ClassFinder: Will scan jar /opt/homebrew/Cellar/jmeter/5.6.3/libexec/lib/ext/jmeter-plugins-manager-1.9.jar with filter ExtendsClassFilter [parents=[interface org.apache.jmeter.visualizers.RequestView], inner=false, contains=null, notContains=null]. Consider exposing JMeter plugins via META-INF/services, and add JMeter-Skip-Class-Scanning=true manifest attribute so JMeter can skip classfile scanning
2025-12-29 17:14:19,246 INFO o.a.j.e.StandardJMeterEngine: Running the test!
2025-12-29 17:14:19,246 INFO o.a.j.s.SampleEvent: List of sample_variables: []
2025-12-29 17:14:19,247 INFO o.a.j.g.u.JMeterMenuBar: setRunning(true, *local*)
2025-12-29 17:14:19,291 INFO o.a.j.e.StandardJMeterEngine: Starting ThreadGroup: 1 : Thread Group
2025-12-29 17:14:19,291 INFO o.a.j.e.StandardJMeterEngine: Starting 10 threads for group Thread Group.
2025-12-29 17:14:19,291 INFO o.a.j.e.StandardJMeterEngine: Thread will continue on error
2025-12-29 17:14:19,291 INFO o.a.j.t.ThreadGroup: Starting thread group... number=1 threads=10 ramp-up=1 delayedStart=false
2025-12-29 17:14:19,292 INFO o.a.j.t.JMeterThread: Thread started: Thread Group 1-1
2025-12-29 17:14:19,293 INFO o.a.j.t.ThreadGroup: Started thread group number 1
2025-12-29 17:14:19,293 INFO o.a.j.e.StandardJMeterEngine: All thread groups have been started
2025-12-29 17:14:19,334 INFO o.a.j.t.JMeterThread: Thread is done: Thread Group 1-1
2025-12-29 17:14:19,335 INFO o.a.j.t.JMeterThread: Thread finished: Thread Group 1-1
2025-12-29 17:14:19,393 INFO o.a.j.t.JMeterThread: Thread started: Thread Group 1-2
2025-12-29 17:14:19,402 INFO o.a.j.t.JMeterThread: Thread is done: Thread Group 1-2
2025-12-29 17:14:19,402 INFO o.a.j.t.JMeterThread: Thread finished: Thread Group 1-2
2025-12-29 17:14:19,496 INFO o.a.j.t.JMeterThread: Thread started: Thread Group 1-3
2025-12-29 17:14:19,511 INFO o.a.j.t.JMeterThread: Thread is done: Thread Group 1-3
2025-12-29 17:14:19,511 INFO o.a.j.t.JMeterThread: Thread finished: Thread Group 1-3
2025-12-29 17:14:19,597 INFO o.a.j.t.JMeterThread: Thread started: Thread Group 1-4
2025-12-29 17:14:19,601 INFO o.a.j.t.JMeterThread: Thread is done: Thread Group 1-4
2025-12-29 17:14:19,602 INFO o.a.j.t.JMeterThread: Thread finished: Thread Group 1-4
2025-12-29 17:14:19,696 INFO o.a.j.t.JMeterThread: Thread started: Thread Group 1-5
2025-12-29 17:14:19,711 INFO o.a.j.t.JMeterThread: Thread is done: Thread Group 1-5
2025-12-29 17:14:19,711 INFO o.a.j.t.JMeterThread: Thread finished: Thread Group 1-5
2025-12-29 17:14:19,796 INFO o.a.j.t.JMeterThread: Thread started: Thread Group 1-6
2025-12-29 17:14:19,804 INFO o.a.j.t.JMeterThread: Thread is done: Thread Group 1-6
2025-12-29 17:14:19,804 INFO o.a.j.t.JMeterThread: Thread finished: Thread Group 1-6
2025-12-29 17:14:19,900 INFO o.a.j.t.JMeterThread: Thread started: Thread Group 1-7
2025-12-29 17:14:19,926 INFO o.a.j.t.JMeterThread: Thread is done: Thread Group 1-7
2025-12-29 17:14:19,926 INFO o.a.j.t.JMeterThread: Thread finished: Thread Group 1-7
2025-12-29 17:14:19,993 INFO o.a.j.t.JMeterThread: Thread started: Thread Group 1-8
2025-12-29 17:14:20,011 INFO o.a.j.t.JMeterThread: Thread is done: Thread Group 1-8
2025-12-29 17:14:20,011 INFO o.a.j.t.JMeterThread: Thread finished: Thread Group 1-8
2025-12-29 17:14:20,096 INFO o.a.j.t.JMeterThread: Thread started: Thread Group 1-9
2025-12-29 17:14:20,103 INFO o.a.j.t.JMeterThread: Thread is done: Thread Group 1-9
2025-12-29 17:14:20,103 INFO o.a.j.t.JMeterThread: Thread finished: Thread Group 1-9
2025-12-29 17:14:20,196 INFO o.a.j.t.JMeterThread: Thread started: Thread Group 1-10
2025-12-29 17:14:20,201 INFO o.a.j.t.JMeterThread: Thread is done: Thread Group 1-10
2025-12-29 17:14:20,202 INFO o.a.j.t.JMeterThread: Thread finished: Thread Group 1-10
2025-12-29 17:14:20,202 INFO o.a.j.e.StandardJMeterEngine: Notifying test listeners of end of test
2025-12-29 17:14:20,202 INFO o.a.j.g.u.JMeterMenuBar: setRunning(false, *local*)
2025-12-29 17:14:46,786 INFO o.a.j.e.StandardJMeterEngine: Running the test!
2025-12-29 17:14:46,787 INFO o.a.j.s.SampleEvent: List of sample_variables: []
2025-12-29 17:14:46,788 INFO o.a.j.g.u.JMeterMenuBar: setRunning(true, *local*)
2025-12-29 17:14:46,834 INFO o.a.j.e.StandardJMeterEngine: Starting ThreadGroup: 1 : Thread Group
2025-12-29 17:14:46,834 INFO o.a.j.e.StandardJMeterEngine: Starting 10 threads for group Thread Group.
2025-12-29 17:14:46,834 INFO o.a.j.e.StandardJMeterEngine: Thread will continue on error
2025-12-29 17:14:46,835 INFO o.a.j.t.ThreadGroup: Starting thread group... number=1 threads=10 ramp-up=1 delayedStart=false
2025-12-29 17:14:46,836 INFO o.a.j.t.JMeterThread: Thread started: Thread Group 1-1
2025-12-29 17:14:46,837 INFO o.a.j.t.ThreadGroup: Started thread group number 1
2025-12-29 17:14:46,837 INFO o.a.j.e.StandardJMeterEngine: All thread groups have been started
2025-12-29 17:14:46,887 INFO o.a.j.t.JMeterThread: Thread is done: Thread Group 1-1
2025-12-29 17:14:46,887 INFO o.a.j.t.JMeterThread: Thread finished: Thread Group 1-1
2025-12-29 17:14:46,938 INFO o.a.j.t.JMeterThread: Thread started: Thread Group 1-2
2025-12-29 17:14:46,950 INFO o.a.j.t.JMeterThread: Thread is done: Thread Group 1-2
2025-12-29 17:14:46,950 INFO o.a.j.t.JMeterThread: Thread finished: Thread Group 1-2
2025-12-29 17:14:47,041 INFO o.a.j.t.JMeterThread: Thread started: Thread Group 1-3
2025-12-29 17:14:47,052 INFO o.a.j.t.JMeterThread: Thread is done: Thread Group 1-3
2025-12-29 17:14:47,052 INFO o.a.j.t.JMeterThread: Thread finished: Thread Group 1-3
2025-12-29 17:14:47,138 INFO o.a.j.t.JMeterThread: Thread started: Thread Group 1-4
2025-12-29 17:14:47,147 INFO o.a.j.t.JMeterThread: Thread is done: Thread Group 1-4
2025-12-29 17:14:47,147 INFO o.a.j.t.JMeterThread: Thread finished: Thread Group 1-4
2025-12-29 17:14:47,240 INFO o.a.j.t.JMeterThread: Thread started: Thread Group 1-5
2025-12-29 17:14:47,255 INFO o.a.j.t.JMeterThread: Thread is done: Thread Group 1-5
2025-12-29 17:14:47,255 INFO o.a.j.t.JMeterThread: Thread finished: Thread Group 1-5
2025-12-29 17:14:47,340 INFO o.a.j.t.JMeterThread: Thread started: Thread Group 1-6
2025-12-29 17:14:47,355 INFO o.a.j.t.JMeterThread: Thread is done: Thread Group 1-6
2025-12-29 17:14:47,355 INFO o.a.j.t.JMeterThread: Thread finished: Thread Group 1-6
2025-12-29 17:14:47,435 INFO o.a.j.t.JMeterThread: Thread started: Thread Group 1-7
2025-12-29 17:14:47,459 INFO o.a.j.t.JMeterThread: Thread is done: Thread Group 1-7
2025-12-29 17:14:47,464 INFO o.a.j.t.JMeterThread: Thread finished: Thread Group 1-7
2025-12-29 17:14:47,541 INFO o.a.j.t.JMeterThread: Thread started: Thread Group 1-8
2025-12-29 17:14:47,550 INFO o.a.j.t.JMeterThread: Thread is done: Thread Group 1-8
2025-12-29 17:14:47,550 INFO o.a.j.t.JMeterThread: Thread finished: Thread Group 1-8
2025-12-29 17:14:47,640 INFO o.a.j.t.JMeterThread: Thread started: Thread Group 1-9
2025-12-29 17:14:47,650 INFO o.a.j.t.JMeterThread: Thread is done: Thread Group 1-9
2025-12-29 17:14:47,650 INFO o.a.j.t.JMeterThread: Thread finished: Thread Group 1-9
2025-12-29 17:14:47,741 INFO o.a.j.t.JMeterThread: Thread started: Thread Group 1-10
2025-12-29 17:14:47,752 INFO o.a.j.t.JMeterThread: Thread is done: Thread Group 1-10
2025-12-29 17:14:47,752 INFO o.a.j.t.JMeterThread: Thread finished: Thread Group 1-10
2025-12-29 17:14:47,752 INFO o.a.j.e.StandardJMeterEngine: Notifying test listeners of end of test
2025-12-29 17:14:47,753 INFO o.a.j.g.u.JMeterMenuBar: setRunning(false, *local*)
2025-12-29 17:14:50,160 INFO o.a.j.e.StandardJMeterEngine: Running the test!
2025-12-29 17:14:50,161 INFO o.a.j.s.SampleEvent: List of sample_variables: []
2025-12-29 17:14:50,162 INFO o.a.j.g.u.JMeterMenuBar: setRunning(true, *local*)
2025-12-29 17:14:50,187 INFO o.a.j.e.StandardJMeterEngine: Starting ThreadGroup: 1 : Thread Group
2025-12-29 17:14:50,187 INFO o.a.j.e.StandardJMeterEngine: Starting 10 threads for group Thread Group.
2025-12-29 17:14:50,187 INFO o.a.j.e.StandardJMeterEngine: Thread will continue on error
2025-12-29 17:14:50,187 INFO o.a.j.t.ThreadGroup: Starting thread group... number=1 threads=10 ramp-up=1 delayedStart=false
2025-12-29 17:14:50,188 INFO o.a.j.t.JMeterThread: Thread started: Thread Group 1-1
2025-12-29 17:14:50,189 INFO o.a.j.t.ThreadGroup: Started thread group number 1
2025-12-29 17:14:50,189 INFO o.a.j.e.StandardJMeterEngine: All thread groups have been started
2025-12-29 17:14:50,203 INFO o.a.j.t.JMeterThread: Thread is done: Thread Group 1-1
2025-12-29 17:14:50,204 INFO o.a.j.t.JMeterThread: Thread finished: Thread Group 1-1
2025-12-29 17:14:50,289 INFO o.a.j.t.JMeterThread: Thread started: Thread Group 1-2
2025-12-29 17:14:50,302 INFO o.a.j.t.JMeterThread: Thread is done: Thread Group 1-2
2025-12-29 17:14:50,302 INFO o.a.j.t.JMeterThread: Thread finished: Thread Group 1-2
2025-12-29 17:14:50,392 INFO o.a.j.t.JMeterThread: Thread started: Thread Group 1-3
2025-12-29 17:14:50,409 INFO o.a.j.t.JMeterThread: Thread is done: Thread Group 1-3
2025-12-29 17:14:50,409 INFO o.a.j.t.JMeterThread: Thread finished: Thread Group 1-3
2025-12-29 17:14:50,493 INFO o.a.j.t.JMeterThread: Thread started: Thread Group 1-4
2025-12-29 17:14:50,514 INFO o.a.j.t.JMeterThread: Thread is done: Thread Group 1-4
2025-12-29 17:14:50,514 INFO o.a.j.t.JMeterThread: Thread finished: Thread Group 1-4
2025-12-29 17:14:50,592 INFO o.a.j.t.JMeterThread: Thread started: Thread Group 1-5
2025-12-29 17:14:50,600 INFO o.a.j.t.JMeterThread: Thread is done: Thread Group 1-5
2025-12-29 17:14:50,600 INFO o.a.j.t.JMeterThread: Thread finished: Thread Group 1-5
2025-12-29 17:14:50,689 INFO o.a.j.t.JMeterThread: Thread started: Thread Group 1-6
2025-12-29 17:14:50,697 INFO o.a.j.t.JMeterThread: Thread is done: Thread Group 1-6
2025-12-29 17:14:50,697 INFO o.a.j.t.JMeterThread: Thread finished: Thread Group 1-6
2025-12-29 17:14:50,793 INFO o.a.j.t.JMeterThread: Thread started: Thread Group 1-7
2025-12-29 17:14:50,814 INFO o.a.j.t.JMeterThread: Thread is done: Thread Group 1-7
2025-12-29 17:14:50,814 INFO o.a.j.t.JMeterThread: Thread finished: Thread Group 1-7
2025-12-29 17:14:50,890 INFO o.a.j.t.JMeterThread: Thread started: Thread Group 1-8
2025-12-29 17:14:50,907 INFO o.a.j.t.JMeterThread: Thread is done: Thread Group 1-8
2025-12-29 17:14:50,907 INFO o.a.j.t.JMeterThread: Thread finished: Thread Group 1-8
2025-12-29 17:14:50,992 INFO o.a.j.t.JMeterThread: Thread started: Thread Group 1-9
2025-12-29 17:14:51,004 INFO o.a.j.t.JMeterThread: Thread is done: Thread Group 1-9
2025-12-29 17:14:51,004 INFO o.a.j.t.JMeterThread: Thread finished: Thread Group 1-9
2025-12-29 17:14:51,087 INFO o.a.j.t.JMeterThread: Thread started: Thread Group 1-10
2025-12-29 17:14:51,104 INFO o.a.j.t.JMeterThread: Thread is done: Thread Group 1-10
2025-12-29 17:14:51,104 INFO o.a.j.t.JMeterThread: Thread finished: Thread Group 1-10
2025-12-29 17:14:51,105 INFO o.a.j.e.StandardJMeterEngine: Notifying test listeners of end of test
2025-12-29 17:14:51,110 INFO o.a.j.g.u.JMeterMenuBar: setRunning(false, *local*)
